<?xml version="1.0" encoding="UTF-8"?>
<!-- Generated by org.testng.reporters.JUnitReportReporter -->
<testsuite skipped="0" hostname="A4SITML22194" name="com.restapiframework.testcases.CountriesStateApiTest" tests="5" failures="0" timestamp="13 Nov 2018 18:31:15 GMT" time="6.676" errors="0">
  <testcase name="getListOfStates" time="3.065" classname="com.restapiframework.testcases.CountriesStateApiTest"/>
  <testcase name="getListOfStates" time="0.868" classname="com.restapiframework.testcases.CountriesStateApiTest"/>
  <testcase name="getListOfStates" time="0.965" classname="com.restapiframework.testcases.CountriesStateApiTest"/>
  <testcase name="verifySearchState" time="0.676" classname="com.restapiframework.testcases.CountriesStateApiTest"/>
  <testcase name="getStateOfCountry" time="1.102" classname="com.restapiframework.testcases.CountriesStateApiTest"/>
</testsuite> <!-- com.restapiframework.testcases.CountriesStateApiTest -->
