<?xml version="1.0" encoding="UTF-8"?>
<!-- Generated by org.testng.reporters.JUnitReportReporter -->
<testsuite skipped="0" hostname="A4SITML22194" name="com.restapiframework.restapiframework.testcases.TestFirst" tests="1" failures="0" timestamp="08 Nov 2018 17:10:29 GMT" time="0.005" errors="0">
  <testcase name="getData" time="0.005" classname="com.restapiframework.restapiframework.testcases.TestFirst"/>
</testsuite> <!-- com.restapiframework.restapiframework.testcases.TestFirst -->
