<?xml version="1.0" encoding="UTF-8"?>
<!-- Generated by org.testng.reporters.JUnitReportReporter -->
<testsuite skipped="0" hostname="A4SITML22194" name="com.restapiframework.testcases.EmployeeAPITest" tests="8" failures="0" timestamp="14 Nov 2018 16:58:57 GMT" time="27.361" errors="0">
  <testcase name="createEmployeeTest" time="1.974" classname="com.restapiframework.testcases.EmployeeAPITest"/>
  <testcase name="createEmployeeTest" time="4.204" classname="com.restapiframework.testcases.EmployeeAPITest"/>
  <testcase name="deleteEmployeeTest" time="2.801" classname="com.restapiframework.testcases.EmployeeAPITest"/>
  <testcase name="updateEmployeeTest" time="1.495" classname="com.restapiframework.testcases.EmployeeAPITest"/>
  <testcase name="createEmployeeTest" time="1.292" classname="com.restapiframework.testcases.EmployeeAPITest"/>
  <testcase name="getEmployeeDetailsTest" time="12.866" classname="com.restapiframework.testcases.EmployeeAPITest"/>
  <testcase name="updateEmployeeTest" time="1.404" classname="com.restapiframework.testcases.EmployeeAPITest"/>
  <testcase name="updateEmployeeTest" time="1.325" classname="com.restapiframework.testcases.EmployeeAPITest"/>
</testsuite> <!-- com.restapiframework.testcases.EmployeeAPITest -->
