<?xml version="1.0" encoding="UTF-8"?>
<!-- Generated by org.testng.reporters.JUnitReportReporter -->
<testsuite skipped="0" hostname="A4SITML22194" name="com.restapiframework.restapiframework.testcases.CountriesStateApiTest" tests="1" failures="0" timestamp="09 Nov 2018 20:23:58 GMT" time="3.386" errors="0">
  <testcase name="getListOfStates" time="3.386" classname="com.restapiframework.restapiframework.testcases.CountriesStateApiTest"/>
</testsuite> <!-- com.restapiframework.restapiframework.testcases.CountriesStateApiTest -->
